0 info it worked if it ends with ok
1 verbose cli [ '/usr/local/bin/node', '/usr/local/bin/npm', 'run', 'lint' ]
2 info using npm@3.9.5
3 info using node@v6.2.2
4 verbose run-script [ 'prelint', 'lint', 'postlint' ]
5 info lifecycle npm-scripts-example@1.0.0~prelint: npm-scripts-example@1.0.0
6 silly lifecycle npm-scripts-example@1.0.0~prelint: no script for prelint, continuing
7 info lifecycle npm-scripts-example@1.0.0~lint: npm-scripts-example@1.0.0
8 verbose lifecycle npm-scripts-example@1.0.0~lint: unsafe-perm in lifecycle true
9 verbose lifecycle npm-scripts-example@1.0.0~lint: PATH: /usr/local/lib/node_modules/npm/bin/node-gyp-bin:/Users/jonlazarini/Documents/01-Development/buildit-website/node_modules/.bin:/usr/local/bin:/Users/jonlazarini/.rvm/gems/ruby-2.3.0/bin:/Users/jonlazarini/.rvm/gems/ruby-2.3.0@global/bin:/Users/jonlazarini/.rvm/rubies/ruby-2.3.0/bin:/Users/jonlazarini/bin:/usr/local/bin:/usr/local/bin:/usr/bin:/bin:/usr/sbin:/sbin:/opt/X11/bin:/usr/local/git/bin:/Users/jonlazarini/.rvm/bin
10 verbose lifecycle npm-scripts-example@1.0.0~lint: CWD: /Users/jonlazarini/Documents/01-Development/buildit-website
11 silly lifecycle npm-scripts-example@1.0.0~lint: Args: [ '-c', 'eslint assets/scripts/main.js' ]
12 silly lifecycle npm-scripts-example@1.0.0~lint: Returned: code: 1  signal: null
13 info lifecycle npm-scripts-example@1.0.0~lint: Failed to exec lint script
14 verbose stack Error: npm-scripts-example@1.0.0 lint: `eslint assets/scripts/main.js`
14 verbose stack Exit status 1
14 verbose stack     at EventEmitter.<anonymous> (/usr/local/lib/node_modules/npm/lib/utils/lifecycle.js:245:16)
14 verbose stack     at emitTwo (events.js:106:13)
14 verbose stack     at EventEmitter.emit (events.js:191:7)
14 verbose stack     at ChildProcess.<anonymous> (/usr/local/lib/node_modules/npm/lib/utils/spawn.js:24:14)
14 verbose stack     at emitTwo (events.js:106:13)
14 verbose stack     at ChildProcess.emit (events.js:191:7)
14 verbose stack     at maybeClose (internal/child_process.js:852:16)
14 verbose stack     at Process.ChildProcess._handle.onexit (internal/child_process.js:215:5)
15 verbose pkgid npm-scripts-example@1.0.0
16 verbose cwd /Users/jonlazarini/Documents/01-Development/buildit-website
17 error Darwin 15.6.0
18 error argv "/usr/local/bin/node" "/usr/local/bin/npm" "run" "lint"
19 error node v6.2.2
20 error npm  v3.9.5
21 error code ELIFECYCLE
22 error npm-scripts-example@1.0.0 lint: `eslint assets/scripts/main.js`
22 error Exit status 1
23 error Failed at the npm-scripts-example@1.0.0 lint script 'eslint assets/scripts/main.js'.
23 error Make sure you have the latest version of node.js and npm installed.
23 error If you do, this is most likely a problem with the npm-scripts-example package,
23 error not with npm itself.
23 error Tell the author that this fails on your system:
23 error     eslint assets/scripts/main.js
23 error You can get information on how to open an issue for this project with:
23 error     npm bugs npm-scripts-example
23 error Or if that isn't available, you can get their info via:
23 error     npm owner ls npm-scripts-example
23 error There is likely additional logging output above.
24 verbose exit [ 1, true ]
